> rm(list=ls())
> set.seed(0)
> setwd("/workdir2/solenne.gaucher/FlowCytometry")
> #setwd("~/Desktop/Recherche/postdoc/FlowCyto/SimulationsV2")
> 
> # Load packages
> library(doParallel)
Le chargement a nécessité le package : foreach
Le chargement a nécessité le package : iterators
Le chargement a nécessité le package : parallel
> library(partykit)
Le chargement a nécessité le package : grid
Le chargement a nécessité le package : libcoin
Le chargement a nécessité le package : mvtnorm
> library(foreach)
> library(lubridate)

Attachement du package : ‘lubridate’

Les objets suivants sont masqués depuis ‘package:base’:

    date, intersect, setdiff, union

> 
> ################################ Parameters ############################
> n_sample_part <- 12 # 12 samples are used for choosing the partition
> cell_choice <- c(2, 6, 8, 9)
> theta_choice <-  c(0, exp(seq(log(0.001), log(0.3), length.out = 40)))
> n_synth <- 10 # number synthetic datasets created from each sample at test time
> B_iterations <- 500
> alpha_choice <- c(0, 0.003125, 0.00625, 0.0125, 0.025, 0.05)
> max_size_test <- 30000
> alpha <- 0.5
> 
> ################################ Load and pre-process HIPC data ############################
> lab_names <- c("W2","FTV","IU","D54","O0","pM","pw")
> data_df <- data.frame(matrix(ncol = 5+7, nrow = 0))
> colnames(data_df) <- c("patient", "unique_patient", "replicate", "lab", "cell_type", 
+                        "CCR7","CD4","CD45RA","CD3","HLADR","CD38","CD8")
> unique_pat <- 1
> for (lab in lab_names){
+   for (pat in 1:3){
+     for (replicate in 1:3){
+       if (file.exists(paste("data/HIPC/", lab,"_", 3*(pat-1) + replicate, "_values.csv", sep= ""))){
+         data_pat <- read.csv(paste("data/HIPC/", lab,"_", 3*(pat-1) + replicate, "_values.csv", sep= ""))[,2:8]
+         data_pat$cell_type <- read.csv(paste("data/HIPC/", lab,"_", 3*(pat-1) + replicate, "_clust.csv", sep= ""))[, 2]
+         data_pat$cell_type <- as.factor(data_pat$cell_type)
+         data_pat$patient <- pat
+         data_pat$patient <- as.factor(data_pat$patient)
+         data_pat$unique_patient <- unique_pat
+         data_pat$replicate <- replicate
+         data_pat$replicate <- as.factor(data_pat$replicate)
+         data_pat$lab <- lab
+         data_pat$lab <- as.factor(data_pat$lab)
+         data_df <- rbind(data_df, data_pat)
+         print(paste("lab : ", lab, ", pat : ", 3*(pat-1) + replicate, ", sample size : ", nrow(data_pat)))
+         print(paste("data/HIPC/", lab,"_", 3*(pat-1) + replicate, "_values.csv", sep= ""))
+         unique_pat <- unique_pat + 1
+       }
+     }
+   }
+ }
[1] "lab :  W2 , pat :  1 , sample size :  31342"
[1] "data/HIPC/W2_1_values.csv"
[1] "lab :  W2 , pat :  2 , sample size :  37260"
[1] "data/HIPC/W2_2_values.csv"
[1] "lab :  W2 , pat :  3 , sample size :  35541"
[1] "data/HIPC/W2_3_values.csv"
[1] "lab :  W2 , pat :  4 , sample size :  32273"
[1] "data/HIPC/W2_4_values.csv"
[1] "lab :  W2 , pat :  5 , sample size :  32258"
[1] "data/HIPC/W2_5_values.csv"
[1] "lab :  W2 , pat :  6 , sample size :  38483"
[1] "data/HIPC/W2_6_values.csv"
[1] "lab :  W2 , pat :  7 , sample size :  33992"
[1] "data/HIPC/W2_7_values.csv"
[1] "lab :  W2 , pat :  8 , sample size :  33936"
[1] "data/HIPC/W2_8_values.csv"
[1] "lab :  W2 , pat :  9 , sample size :  33960"
[1] "data/HIPC/W2_9_values.csv"
[1] "lab :  FTV , pat :  1 , sample size :  21900"
[1] "data/HIPC/FTV_1_values.csv"
[1] "lab :  FTV , pat :  2 , sample size :  22254"
[1] "data/HIPC/FTV_2_values.csv"
[1] "lab :  FTV , pat :  3 , sample size :  22933"
[1] "data/HIPC/FTV_3_values.csv"
[1] "lab :  FTV , pat :  4 , sample size :  18692"
[1] "data/HIPC/FTV_4_values.csv"
[1] "lab :  FTV , pat :  5 , sample size :  19680"
[1] "data/HIPC/FTV_5_values.csv"
[1] "lab :  FTV , pat :  6 , sample size :  15880"
[1] "data/HIPC/FTV_6_values.csv"
[1] "lab :  FTV , pat :  7 , sample size :  18625"
[1] "data/HIPC/FTV_7_values.csv"
[1] "lab :  FTV , pat :  8 , sample size :  15927"
[1] "data/HIPC/FTV_8_values.csv"
[1] "lab :  FTV , pat :  9 , sample size :  15544"
[1] "data/HIPC/FTV_9_values.csv"
[1] "lab :  IU , pat :  1 , sample size :  21438"
[1] "data/HIPC/IU_1_values.csv"
[1] "lab :  IU , pat :  2 , sample size :  44944"
[1] "data/HIPC/IU_2_values.csv"
[1] "lab :  IU , pat :  3 , sample size :  45853"
[1] "data/HIPC/IU_3_values.csv"
[1] "lab :  IU , pat :  4 , sample size :  46021"
[1] "data/HIPC/IU_4_values.csv"
[1] "lab :  IU , pat :  5 , sample size :  45949"
[1] "data/HIPC/IU_5_values.csv"
[1] "lab :  IU , pat :  6 , sample size :  45045"
[1] "data/HIPC/IU_6_values.csv"
[1] "lab :  IU , pat :  7 , sample size :  44681"
[1] "data/HIPC/IU_7_values.csv"
[1] "lab :  IU , pat :  8 , sample size :  43909"
[1] "data/HIPC/IU_8_values.csv"
[1] "lab :  IU , pat :  9 , sample size :  44027"
[1] "data/HIPC/IU_9_values.csv"
[1] "lab :  D54 , pat :  1 , sample size :  29277"
[1] "data/HIPC/D54_1_values.csv"
[1] "lab :  D54 , pat :  2 , sample size :  50928"
[1] "data/HIPC/D54_2_values.csv"
[1] "lab :  D54 , pat :  3 , sample size :  51312"
[1] "data/HIPC/D54_3_values.csv"
[1] "lab :  D54 , pat :  4 , sample size :  44376"
[1] "data/HIPC/D54_4_values.csv"
[1] "lab :  D54 , pat :  5 , sample size :  42932"
[1] "data/HIPC/D54_5_values.csv"
[1] "lab :  D54 , pat :  6 , sample size :  42601"
[1] "data/HIPC/D54_6_values.csv"
[1] "lab :  D54 , pat :  7 , sample size :  45150"
[1] "data/HIPC/D54_7_values.csv"
[1] "lab :  D54 , pat :  8 , sample size :  44914"
[1] "data/HIPC/D54_8_values.csv"
[1] "lab :  D54 , pat :  9 , sample size :  45000"
[1] "data/HIPC/D54_9_values.csv"
[1] "lab :  O0 , pat :  1 , sample size :  55789"
[1] "data/HIPC/O0_1_values.csv"
[1] "lab :  O0 , pat :  2 , sample size :  41018"
[1] "data/HIPC/O0_2_values.csv"
[1] "lab :  O0 , pat :  3 , sample size :  66249"
[1] "data/HIPC/O0_3_values.csv"
[1] "lab :  O0 , pat :  4 , sample size :  52307"
[1] "data/HIPC/O0_4_values.csv"
[1] "lab :  O0 , pat :  5 , sample size :  52295"
[1] "data/HIPC/O0_5_values.csv"
[1] "lab :  O0 , pat :  6 , sample size :  52557"
[1] "data/HIPC/O0_6_values.csv"
[1] "lab :  O0 , pat :  7 , sample size :  44429"
[1] "data/HIPC/O0_7_values.csv"
[1] "lab :  O0 , pat :  8 , sample size :  44112"
[1] "data/HIPC/O0_8_values.csv"
[1] "lab :  O0 , pat :  9 , sample size :  43725"
[1] "data/HIPC/O0_9_values.csv"
[1] "lab :  pM , pat :  1 , sample size :  17453"
[1] "data/HIPC/pM_1_values.csv"
[1] "lab :  pM , pat :  2 , sample size :  36191"
[1] "data/HIPC/pM_2_values.csv"
[1] "lab :  pM , pat :  3 , sample size :  36054"
[1] "data/HIPC/pM_3_values.csv"
[1] "lab :  pM , pat :  4 , sample size :  44664"
[1] "data/HIPC/pM_4_values.csv"
[1] "lab :  pM , pat :  5 , sample size :  42478"
[1] "data/HIPC/pM_5_values.csv"
[1] "lab :  pM , pat :  6 , sample size :  41842"
[1] "data/HIPC/pM_6_values.csv"
[1] "lab :  pM , pat :  7 , sample size :  42394"
[1] "data/HIPC/pM_7_values.csv"
[1] "lab :  pM , pat :  8 , sample size :  42545"
[1] "data/HIPC/pM_8_values.csv"
[1] "lab :  pM , pat :  9 , sample size :  41237"
[1] "data/HIPC/pM_9_values.csv"
[1] "lab :  pw , pat :  2 , sample size :  102888"
[1] "data/HIPC/pw_2_values.csv"
[1] "lab :  pw , pat :  3 , sample size :  88584"
[1] "data/HIPC/pw_3_values.csv"
[1] "lab :  pw , pat :  4 , sample size :  99076"
[1] "data/HIPC/pw_4_values.csv"
[1] "lab :  pw , pat :  5 , sample size :  112318"
[1] "data/HIPC/pw_5_values.csv"
[1] "lab :  pw , pat :  6 , sample size :  102178"
[1] "data/HIPC/pw_6_values.csv"
[1] "lab :  pw , pat :  7 , sample size :  74943"
[1] "data/HIPC/pw_7_values.csv"
[1] "lab :  pw , pat :  8 , sample size :  81226"
[1] "data/HIPC/pw_8_values.csv"
[1] "lab :  pw , pat :  9 , sample size :  78216"
[1] "data/HIPC/pw_9_values.csv"
> 
> ### Scale data to [0,1]**7 ###
> data_df$unique_patient <- as.factor(data_df$unique_patient)
> data_df[, c("CCR7","CD4","CD45RA","CD3","HLADR","CD38","CD8")] <- apply(data_df[,c("CCR7","CD4","CD45RA","CD3","HLADR","CD38","CD8")], MARGIN = 2,
+                                                                         FUN = function(X) (X - mean(X)))
> data_df[, c("CCR7","CD4","CD45RA","CD3","HLADR","CD38","CD8")] <- asinh(data_df[, c("CCR7","CD4","CD45RA","CD3","HLADR","CD38","CD8")])
> data_df[, c("CCR7","CD4","CD45RA","CD3","HLADR","CD38","CD8")] <- apply(data_df[,c("CCR7","CD4","CD45RA","CD3","HLADR","CD38","CD8")], MARGIN = 2, 
+                                                                         FUN = function(X) (X - min(X))/(range(X)[2]- range(X)[1]))
> 
> ################################ For parallelization ############################
> n.cores <- as.integer(parallel::detectCores()/3) - 1
> my.cluster <- parallel::makeCluster(
+   n.cores, 
+   type = "PSOCK",
+   outfile = ""
+ )
starting worker pid=869899 on localhost:11875 at 18:12:23.975
starting worker pid=869906 on localhost:11875 at 18:12:23.987
starting worker pid=869893 on localhost:11875 at 18:12:24.033
starting worker pid=869898 on localhost:11875 at 18:12:24.034
starting worker pid=869891 on localhost:11875 at 18:12:24.043
starting worker pid=869894 on localhost:11875 at 18:12:24.059
starting worker pid=869905 on localhost:11875 at 18:12:24.070
starting worker pid=869900 on localhost:11875 at 18:12:24.070
starting worker pid=869903 on localhost:11875 at 18:12:24.074
starting worker pid=869897 on localhost:11875 at 18:12:24.083
starting worker pid=869895 on localhost:11875 at 18:12:24.085
starting worker pid=869896 on localhost:11875 at 18:12:24.098
starting worker pid=869902 on localhost:11875 at 18:12:24.122
starting worker pid=869901 on localhost:11875 at 18:12:24.130
starting worker pid=869890 on localhost:11875 at 18:12:24.134
starting worker pid=869904 on localhost:11875 at 18:12:24.138
starting worker pid=869892 on localhost:11875 at 18:12:24.186
> doParallel::registerDoParallel(cl = my.cluster)
> 
> ############################################################
> print(paste("We begin the experiment, time is ", now()))
[1] "We begin the experiment, time is  2024-02-18 18:12:24"
> for (chosen_cell in cell_choice){
+   # label Y = 1 if cell == chosen_cell, 0 otherwise
+   data_chosen_cell <- data_df
+   data_chosen_cell$cell_type <- 1*(data_chosen_cell$cell_type == chosen_cell)
+   names(data_chosen_cell)[names(data_chosen_cell) == 'cell_type'] <- "Y"
+   
+   res_cell <- foreach (id = unique(data_chosen_cell$unique_patient), .combine=rbind) %dopar%{
+     # conduct the experiment one test sample at a time
+     source("utils/user_defined_split.R")
+     source("utils/aux.R")
+     source("utils/test_dr.R")
+     source("utils/part_choice.R")
+     library(foreach)
+     
+     start <- lubridate::now()
+     
+     data_test <- data_chosen_cell[data_chosen_cell$unique_patient == id,]
+     n_test <- min(max_size_test,nrow(data_test))
+     data_train <- data_chosen_cell[data_chosen_cell$unique_patient != id,]
+     
+     # Split data_train for partition and estimation
+     id_part <- sample(unique(data_train$unique_patient), n_sample_part)
+     data_part <- data_train[data_train$unique_patient %in% id_part,]
+     data_est <- data_train[!data_train$unique_patient %in% id_part, ]
+     
+     n1_part <- sum(data_part$Y)
+     n0_part <- nrow(data_part) - n1_part
+     n1_est <- sum(data_est$Y)
+     n0_est <- nrow(data_est) - n1_est
+     
+     # Define the parameters for growing the partition sequence
+     Kmax <- 15
+     u <- log(4*Kmax/alpha)
+     t <- log(2/alpha)
+     epsilon0 = max(3*u/n0_part, t/n_test)
+     epsilon1 = max(sqrt(3*u/n1_part), epsilon0)
+     parms_part = list(epsilon0 = epsilon0, epsilon1 = epsilon1, n0 = n0_part, n1 = n1_part)
+     
+     # Choose the partition sequence using respectively the density ratio criteria and the gini id
+     full_tree <- rpart::rpart(Y ~ CCR7 + CD4 + CD45RA + CD3 + HLADR + CD38 + CD8, data = data_part,
+                               method = method_dr(), parms = parms_part, cp = 0, maxdepth = 10, minbucket = sqrt(n1_part))
+     pruned_tree <- prune_dr(full_tree, data_part, parms_part, Kmin = 10)
+     partition <- as.party(pruned_tree$pruned_tree)
+     
+     # Calibrate the test
+     # Split data: half for computing bootstrap thresholds, half for validation
+     id_thr <- sample(unique(data_est$unique_patient), floor(length(unique(data_est$unique_patient))/2))
+     data_thr <- data_est[data_est$unique_patient %in% id_thr,]
+     data_val <- data_est[!data_est$unique_patient %in% id_thr, ]
+     
+     # Compute the quantiles of the test statistic for the different values ofalpha_choice_choice
+     u <- log(4*Kmax/alpha)
+     t <- log(2/alpha)
+     epsilon0 = max(3*u/n0_est, t/n_test)
+     epsilon1 = max(sqrt(3*u/n1_est),epsilon0)
+     parms_est = list(epsilon0 = epsilon0, epsilon1 = epsilon1, n0 = n0_est, n1 = n1_est,
+                      u = u, t = t, n_test = n_test)
+     threshold <- quantile_dr_bootstrap(data_thr, partition, parms_est, B_iterations, alpha_choice,
+                                        bootstrap_slice = data_thr$unique_patient)
+     
+     # Select a quantile best_alpha so that the test has empirical level 0 on validation set
+     power <- rep(0, length(alpha_choice))
+     for (id_val in unique(data_val$unique_patient)){
+       data_one_val <- data_val[data_val$unique_patient == id_val & data_val$Y == 0,]
+       data_one_val <- data_one_val[sample(nrow(data_one_val), n_test, replace = (nrow(data_one_val) < n_test)),]
+       power <- power + test_dr_bootstrap(data_thr, data_one_val, partition, parms_est, threshold)
+     }
+     if (power[1] > 0){
+       best_alpha <- 0
+     }else{
+       best_alpha <- alpha_choice[max(which(power == 0))]
+     }
+     
+     # Do the test!
+     # Re-estimate the statistics and threshold
+     threshold <- quantile_dr_bootstrap(data_est, partition, parms_est, B_iterations, best_alpha,
+                                        bootstrap_slice = data_est$unique_patient)
+     data_test_0 <- data_test[data_test$Y == 0, ]
+     data_test_1 <- data_test[data_test$Y == 1, ]
+     
+     res_id <- foreach (theta = theta_choice, .combine=rbind) %do% {
+       reject <- 0
+       for (r in 1:n_synth){
+         if (as.integer(theta*n_test) > 0){
+           data_test <- rbind(data_test_0[sample(nrow(data_test_0), n_test - as.integer(theta*n_test), 
+                                                 replace = (nrow(data_test_0) < n_test - as.integer(theta*n_test))), ], 
+                              data_test_1[sample(nrow(data_test_1), as.integer(theta*n_test),
+                                                 replace = (nrow(data_test_1) < as.integer(theta*n_test))), ])
+         }else{
+           data_test <- data_test_0[sample(nrow(data_test_0), n_test, replace = TRUE), ]
+         }
+         reject <- reject + test_dr_bootstrap(data_est, data_test, partition, parms_est, threshold)
+       }
+       return(data.frame(id = id, theta = theta, cell = chosen_cell, best_alpha = best_alpha, power = reject/n_synth))
+     }
+     
+     saveRDS(res_id, paste("results/HIPC_BDRT_maxsize/", chosen_cell, "_", id, ".rds", sep = ""))
+     print(paste("Computation done for cell :", chosen_cell, ", with id ", id))
+     print(lubridate::now() - start)
+     print("")
+     print("")
+     return(res_id)
+   }
+   
+   print("ok 6")
+   saveRDS(res_cell, paste("results/HIPC_BDRT_maxsize/", chosen_cell, "tot.rds", sep = ""))
+   print("ok 7")
+ }
Le chargement a nécessité le package : grid
Le chargement a nécessité le package : grid
Le chargement a nécessité le package : grid
Le chargement a nécessité le package : grid
Le chargement a nécessité le package : grid
Le chargement a nécessité le package : grid
Le chargement a nécessité le package : grid
Le chargement a nécessité le package : grid
Le chargement a nécessité le package : libcoin
Le chargement a nécessité le package : libcoin
Le chargement a nécessité le package : grid
Le chargement a nécessité le package : grid
Le chargement a nécessité le package : grid
Le chargement a nécessité le package : grid
Le chargement a nécessité le package : grid
Le chargement a nécessité le package : grid
Le chargement a nécessité le package : grid
Le chargement a nécessité le package : grid
Le chargement a nécessité le package : libcoin
Le chargement a nécessité le package : libcoin
Le chargement a nécessité le package : grid
Le chargement a nécessité le package : mvtnorm
Le chargement a nécessité le package : mvtnorm
Le chargement a nécessité le package : libcoin
Le chargement a nécessité le package : libcoin
Le chargement a nécessité le package : libcoin
Le chargement a nécessité le package : libcoin
Le chargement a nécessité le package : mvtnorm
Le chargement a nécessité le package : libcoin
Le chargement a nécessité le package : libcoin
Le chargement a nécessité le package : mvtnorm
Le chargement a nécessité le package : mvtnorm
Le chargement a nécessité le package : libcoin
Le chargement a nécessité le package : libcoin
Le chargement a nécessité le package : libcoin
Le chargement a nécessité le package : libcoin
Le chargement a nécessité le package : mvtnorm
Le chargement a nécessité le package : mvtnorm
Le chargement a nécessité le package : mvtnorm
Le chargement a nécessité le package : libcoin
Le chargement a nécessité le package : libcoin
Le chargement a nécessité le package : libcoin
Le chargement a nécessité le package : mvtnorm
Le chargement a nécessité le package : mvtnorm
Le chargement a nécessité le package : mvtnorm
Le chargement a nécessité le package : mvtnorm
Le chargement a nécessité le package : mvtnorm
Le chargement a nécessité le package : mvtnorm
Le chargement a nécessité le package : mvtnorm
Le chargement a nécessité le package : mvtnorm
Le chargement a nécessité le package : mvtnorm
[1] "Computation done for cell : 2 , with id  16"
Time difference of 3.433299 hours
[1] ""
[1] ""
[1] "Computation done for cell : 2 , with id  7"
Time difference of 3.453009 hours
[1] ""
[1] ""
[1] "Computation done for cell : 2 , with id  3"
Time difference of 3.549491 hours
[1] ""
[1] ""
[1] "Computation done for cell : 2 , with id  2"
Time difference of 3.562849 hours
[1] ""
[1] ""
[1] "Computation done for cell : 2 , with id  11"
Time difference of 3.56939 hours
[1] ""
[1] ""
[1] "Computation done for cell : 2 , with id  1"
Time difference of 3.605861 hours
[1] ""
[1] ""
[1] "Computation done for cell : 2 , with id  15"
Time difference of 3.644135 hours
[1] ""
[1] ""
[1] "Computation done for cell : 2 , with id  17"
Time difference of 3.650283 hours
[1] ""
[1] ""
[1] "Computation done for cell : 2 , with id  10"
Time difference of 3.655849 hours
[1] ""
[1] ""
[1] "Computation done for cell : 2 , with id  5"
Time difference of 3.676674 hours
[1] ""
[1] ""
[1] "Computation done for cell : 2 , with id  9"
Time difference of 4.643479 hours
[1] ""
[1] ""
[1] "Computation done for cell : 2 , with id  12"
Time difference of 4.788316 hours
[1] ""
[1] ""
[1] "Computation done for cell : 2 , with id  13"
Time difference of 4.871993 hours
[1] ""
[1] ""
[1] "Computation done for cell : 2 , with id  4"
Time difference of 4.89523 hours
[1] ""
[1] ""
[1] "Computation done for cell : 2 , with id  14"
Time difference of 4.9047 hours
[1] ""
[1] ""
[1] "Computation done for cell : 2 , with id  6"
Time difference of 4.921099 hours
[1] ""
[1] ""
[1] "Computation done for cell : 2 , with id  8"
Time difference of 5.239326 hours
[1] ""
[1] ""
[1] "Computation done for cell : 2 , with id  19"
Time difference of 3.089962 hours
[1] ""
[1] ""
[1] "Computation done for cell : 2 , with id  20"
Time difference of 3.170528 hours
[1] ""
[1] ""
[1] "Computation done for cell : 2 , with id  18"
Time difference of 3.291365 hours
[1] ""
[1] ""
[1] "Computation done for cell : 2 , with id  25"
Time difference of 3.108982 hours
[1] ""
[1] ""
[1] "Computation done for cell : 2 , with id  24"
Time difference of 3.136684 hours
[1] ""
[1] ""
[1] "Computation done for cell : 2 , with id  27"
Time difference of 3.153615 hours
[1] ""
[1] ""
[1] "Computation done for cell : 2 , with id  21"
Time difference of 3.308935 hours
[1] ""
[1] ""
[1] "Computation done for cell : 2 , with id  26"
Time difference of 3.361354 hours
[1] ""
[1] ""
[1] "Computation done for cell : 2 , with id  23"
Time difference of 3.520461 hours
[1] ""
[1] ""
[1] "Computation done for cell : 2 , with id  22"
Time difference of 3.676449 hours
[1] ""
[1] ""
[1] "Computation done for cell : 2 , with id  30"
Time difference of 4.315311 hours
[1] ""
[1] ""
[1] "Computation done for cell : 2 , with id  28"
Time difference of 4.572445 hours
[1] ""
[1] ""
[1] "Computation done for cell : 2 , with id  29"
Time difference of 4.529339 hours
[1] ""
[1] ""
[1] "Computation done for cell : 2 , with id  32"
Time difference of 4.478718 hours
[1] ""
[1] ""
[1] "Computation done for cell : 2 , with id  31"
Time difference of 4.580598 hours
[1] ""
[1] ""
[1] "Computation done for cell : 2 , with id  34"
Time difference of 4.297656 hours
[1] ""
[1] ""
[1] "Computation done for cell : 2 , with id  33"
Time difference of 4.671314 hours
[1] ""
[1] ""
[1] "Computation done for cell : 2 , with id  35"
Time difference of 3.706479 hours
[1] ""
[1] ""
[1] "Computation done for cell : 2 , with id  36"
Time difference of 3.614252 hours
[1] ""
[1] ""
[1] "Computation done for cell : 2 , with id  39"
Time difference of 3.584702 hours
[1] ""
[1] ""
[1] "Computation done for cell : 2 , with id  38"
Time difference of 3.611143 hours
[1] ""
[1] ""
[1] "Computation done for cell : 2 , with id  37"
Time difference of 3.884624 hours
[1] ""
[1] ""
[1] "Computation done for cell : 2 , with id  42"
Time difference of 3.599475 hours
[1] ""
[1] ""
[1] "Computation done for cell : 2 , with id  40"
Time difference of 3.927921 hours
[1] ""
[1] ""
[1] "Computation done for cell : 2 , with id  41"
Time difference of 3.921556 hours
[1] ""
[1] ""
[1] "Computation done for cell : 2 , with id  43"
Time difference of 3.841365 hours
[1] ""
[1] ""
[1] "Computation done for cell : 2 , with id  44"
Time difference of 3.924054 hours
[1] ""
[1] ""
[1] "Computation done for cell : 2 , with id  52"
Time difference of 2.962565 hours
[1] ""
[1] ""
[1] "Computation done for cell : 2 , with id  45"
Time difference of 4.14153 hours
[1] ""
[1] ""
[1] "Computation done for cell : 2 , with id  53"
Time difference of 3.203469 hours
[1] ""
[1] ""
[1] "Computation done for cell : 2 , with id  47"
Time difference of 4.237378 hours
[1] ""
[1] ""
[1] "Computation done for cell : 2 , with id  46"
Time difference of 4.390228 hours
[1] ""
[1] ""
[1] "Computation done for cell : 2 , with id  54"
Time difference of 3.307124 hours
[1] ""
[1] ""
[1] "Computation done for cell : 2 , with id  49"
Time difference of 4.233577 hours
[1] ""
[1] ""
[1] "Computation done for cell : 2 , with id  48"
Time difference of 4.384314 hours
[1] ""
[1] ""
[1] "Computation done for cell : 2 , with id  50"
Time difference of 4.316931 hours
[1] ""
[1] ""
[1] "Computation done for cell : 2 , with id  51"
Time difference of 4.265889 hours
[1] ""
[1] ""
[1] "Computation done for cell : 2 , with id  55"
Time difference of 3.553911 hours
[1] ""
[1] ""
[1] "Computation done for cell : 2 , with id  56"
Time difference of 3.447463 hours
[1] ""
[1] ""
[1] "Computation done for cell : 2 , with id  57"
Time difference of 3.614584 hours
[1] ""
[1] ""
[1] "Computation done for cell : 2 , with id  58"
Time difference of 3.54819 hours
[1] ""
[1] ""
[1] "Computation done for cell : 2 , with id  59"
Time difference of 3.526517 hours
[1] ""
[1] ""
[1] "Computation done for cell : 2 , with id  60"
Time difference of 3.542778 hours
[1] ""
[1] ""
[1] "Computation done for cell : 2 , with id  61"
Time difference of 3.416681 hours
[1] ""
[1] ""
[1] "Computation done for cell : 2 , with id  62"
Time difference of 3.178482 hours
[1] ""
[1] ""
[1] "ok 6"
[1] "ok 7"
[1] "Computation done for cell : 6 , with id  16"
Time difference of 3.238535 hours
[1] ""
[1] ""
[1] "Computation done for cell : 6 , with id  15"
Time difference of 3.323743 hours
[1] ""
[1] ""
[1] "Computation done for cell : 6 , with id  7"
Time difference of 3.436539 hours
[1] ""
[1] ""
[1] "Computation done for cell : 6 , with id  3"
Time difference of 3.444407 hours
[1] ""
[1] ""
[1] "Computation done for cell : 6 , with id  1"
Time difference of 3.45712 hours
[1] ""
[1] ""
[1] "Computation done for cell : 6 , with id  11"
Time difference of 3.543984 hours
[1] ""
[1] ""
[1] "Computation done for cell : 6 , with id  17"
Time difference of 3.563446 hours
[1] ""
[1] ""
[1] "Computation done for cell : 6 , with id  5"
Time difference of 3.56564 hours
[1] ""
[1] ""
[1] "Computation done for cell : 6 , with id  10"
Time difference of 3.603769 hours
[1] ""
[1] ""
[1] "Computation done for cell : 6 , with id  2"
Time difference of 3.758922 hours
[1] ""
[1] ""
[1] "Computation done for cell : 6 , with id  13"
Time difference of 4.21451 hours
[1] ""
[1] ""
[1] "Computation done for cell : 6 , with id  8"
Time difference of 4.35983 hours
[1] ""
[1] ""
[1] "Computation done for cell : 6 , with id  9"
Time difference of 4.389333 hours
[1] ""
[1] ""
[1] "Computation done for cell : 6 , with id  6"
Time difference of 4.432961 hours
[1] ""
[1] ""
[1] "Computation done for cell : 6 , with id  4"
Time difference of 4.532628 hours
[1] ""
[1] ""
[1] "Computation done for cell : 6 , with id  12"
Time difference of 4.560424 hours
[1] ""
[1] ""
[1] "Computation done for cell : 6 , with id  14"
Time difference of 4.66299 hours
[1] ""
[1] ""
[1] "Computation done for cell : 6 , with id  22"
Time difference of 3.012714 hours
[1] ""
[1] ""
[1] "Computation done for cell : 6 , with id  20"
Time difference of 3.039833 hours
[1] ""
[1] ""
[1] "Computation done for cell : 6 , with id  19"
Time difference of 3.189254 hours
[1] ""
[1] ""
[1] "Computation done for cell : 6 , with id  21"
Time difference of 3.118969 hours
[1] ""
[1] ""
[1] "Computation done for cell : 6 , with id  25"
Time difference of 3.069099 hours
[1] ""
[1] ""
[1] "Computation done for cell : 6 , with id  18"
Time difference of 3.524926 hours
[1] ""
[1] ""
[1] "Computation done for cell : 6 , with id  24"
Time difference of 3.236679 hours
[1] ""
[1] ""
[1] "Computation done for cell : 6 , with id  27"
Time difference of 3.043904 hours
[1] ""
[1] ""
[1] "Computation done for cell : 6 , with id  26"
Time difference of 3.540328 hours
[1] ""
[1] ""
[1] "Computation done for cell : 6 , with id  23"
Time difference of 4.479547 hours
[1] ""
[1] ""
[1] "Computation done for cell : 6 , with id  29"
Time difference of 4.066201 hours
[1] ""
[1] ""
[1] "Computation done for cell : 6 , with id  31"
Time difference of 4.361102 hours
[1] ""
[1] ""
[1] "Computation done for cell : 6 , with id  28"
Time difference of 4.589623 hours
[1] ""
[1] ""
[1] "Computation done for cell : 6 , with id  30"
Time difference of 4.420797 hours
[1] ""
[1] ""
[1] "Computation done for cell : 6 , with id  32"
Time difference of 4.39992 hours
[1] ""
[1] ""
[1] "Computation done for cell : 6 , with id  34"
Time difference of 4.523445 hours
[1] ""
[1] ""
[1] "Computation done for cell : 6 , with id  33"
Time difference of 4.718238 hours
[1] ""
[1] ""
[1] "Computation done for cell : 6 , with id  35"
Time difference of 3.109658 hours
[1] ""
[1] ""
[1] "Computation done for cell : 6 , with id  37"
Time difference of 3.140703 hours
[1] ""
[1] ""
[1] "Computation done for cell : 6 , with id  39"
Time difference of 3.026083 hours
[1] ""
[1] ""
[1] "Computation done for cell : 6 , with id  36"
Time difference of 3.358477 hours
[1] ""
[1] ""
[1] "Computation done for cell : 6 , with id  38"
Time difference of 3.276595 hours
[1] ""
[1] ""
[1] "Computation done for cell : 6 , with id  40"
Time difference of 3.103038 hours
[1] ""
[1] ""
[1] "Computation done for cell : 6 , with id  41"
Time difference of 3.113676 hours
[1] ""
[1] ""
[1] "Computation done for cell : 6 , with id  42"
Time difference of 3.453254 hours
[1] ""
[1] ""
[1] "Computation done for cell : 6 , with id  43"
Time difference of 3.414201 hours
[1] ""
[1] ""
[1] "Computation done for cell : 6 , with id  44"
Time difference of 4.609617 hours
[1] ""
[1] ""
[1] "Computation done for cell : 6 , with id  52"
Time difference of 3.107798 hours
[1] ""
[1] ""
[1] "Computation done for cell : 6 , with id  45"
Time difference of 4.263985 hours
[1] ""
[1] ""
[1] "Computation done for cell : 6 , with id  53"
Time difference of 3.108832 hours
[1] ""
[1] ""
[1] "Computation done for cell : 6 , with id  55"
Time difference of 3.001784 hours
[1] ""
[1] ""
[1] "Computation done for cell : 6 , with id  54"
Time difference of 3.236747 hours
[1] ""
[1] ""
[1] "Computation done for cell : 6 , with id  46"
Time difference of 4.127176 hours
[1] ""
[1] ""
[1] "Computation done for cell : 6 , with id  47"
Time difference of 4.169741 hours
[1] ""
[1] ""
[1] "Computation done for cell : 6 , with id  48"
Time difference of 4.230062 hours
[1] ""
[1] ""
[1] "Computation done for cell : 6 , with id  49"
Time difference of 4.128642 hours
[1] ""
[1] ""
[1] "Computation done for cell : 6 , with id  56"
Time difference of 3.236231 hours
[1] ""
[1] ""
[1] "Computation done for cell : 6 , with id  57"
Time difference of 3.272191 hours
[1] ""
[1] ""
[1] "Computation done for cell : 6 , with id  58"
Time difference of 3.353625 hours
[1] ""
[1] ""
[1] "Computation done for cell : 6 , with id  50"
Time difference of 4.088668 hours
[1] ""
[1] ""
[1] "Computation done for cell : 6 , with id  59"
Time difference of 3.164683 hours
[1] ""
[1] ""
[1] "Computation done for cell : 6 , with id  51"
Time difference of 4.195508 hours
[1] ""
[1] ""
[1] "Computation done for cell : 6 , with id  60"
Time difference of 3.178331 hours
[1] ""
[1] ""
[1] "Computation done for cell : 6 , with id  61"
Time difference of 3.165478 hours
[1] ""
[1] ""
[1] "Computation done for cell : 6 , with id  62"
Time difference of 3.123408 hours
[1] ""
[1] ""
[1] "ok 6"
[1] "ok 7"
[1] "Computation done for cell : 8 , with id  5"
Time difference of 3.59139 hours
[1] ""
[1] ""
[1] "Computation done for cell : 8 , with id  2"
Time difference of 3.733084 hours
[1] ""
[1] ""
[1] "Computation done for cell : 8 , with id  16"
Time difference of 3.80247 hours
[1] ""
[1] ""
[1] "Computation done for cell : 8 , with id  7"
Time difference of 3.82637 hours
[1] ""
[1] ""
[1] "Computation done for cell : 8 , with id  15"
Time difference of 3.878865 hours
[1] ""
[1] ""
[1] "Computation done for cell : 8 , with id  17"
Time difference of 3.896388 hours
[1] ""
[1] ""
[1] "Computation done for cell : 8 , with id  1"
Time difference of 4.00442 hours
[1] ""
[1] ""
[1] "Computation done for cell : 8 , with id  10"
Time difference of 4.022359 hours
[1] ""
[1] ""
[1] "Computation done for cell : 8 , with id  3"
Time difference of 4.079116 hours
[1] ""
[1] ""
[1] "Computation done for cell : 8 , with id  8"
Time difference of 4.090753 hours
[1] ""
[1] ""
[1] "Computation done for cell : 8 , with id  9"
Time difference of 4.252273 hours
[1] ""
[1] ""
[1] "Computation done for cell : 8 , with id  6"
Time difference of 4.274731 hours
[1] ""
[1] ""
[1] "Computation done for cell : 8 , with id  4"
Time difference of 4.380456 hours
[1] ""
[1] ""
[1] "Computation done for cell : 8 , with id  12"
Time difference of 4.39477 hours
[1] ""
[1] ""
[1] "Computation done for cell : 8 , with id  14"
Time difference of 4.457641 hours
[1] ""
[1] ""
[1] "Computation done for cell : 8 , with id  11"
Time difference of 4.460489 hours
[1] ""
[1] ""
[1] "Computation done for cell : 8 , with id  13"
Time difference of 4.515119 hours
[1] ""
[1] ""
[1] "Computation done for cell : 8 , with id  18"
Time difference of 3.139983 hours
[1] ""
[1] ""
[1] "Computation done for cell : 8 , with id  19"
Time difference of 3.58259 hours
[1] ""
[1] ""
[1] "Computation done for cell : 8 , with id  23"
Time difference of 3.42255 hours
[1] ""
[1] ""
[1] "Computation done for cell : 8 , with id  24"
Time difference of 3.363561 hours
[1] ""
[1] ""
[1] "Computation done for cell : 8 , with id  22"
Time difference of 3.53882 hours
[1] ""
[1] ""
[1] "Computation done for cell : 8 , with id  21"
Time difference of 3.595008 hours
[1] ""
[1] ""
[1] "Computation done for cell : 8 , with id  20"
Time difference of 3.694733 hours
[1] ""
[1] ""
[1] "Computation done for cell : 8 , with id  25"
Time difference of 3.528973 hours
[1] ""
[1] ""
[1] "Computation done for cell : 8 , with id  26"
Time difference of 3.566231 hours
[1] ""
[1] ""
[1] "Computation done for cell : 8 , with id  27"
Time difference of 4.171774 hours
[1] ""
[1] ""
[1] "Computation done for cell : 8 , with id  31"
Time difference of 4.356894 hours
[1] ""
[1] ""
[1] "Computation done for cell : 8 , with id  30"
Time difference of 4.443623 hours
[1] ""
[1] ""
[1] "Computation done for cell : 8 , with id  34"
Time difference of 4.323327 hours
[1] ""
[1] ""
[1] "Computation done for cell : 8 , with id  29"
Time difference of 4.604992 hours
[1] ""
[1] ""
[1] "Computation done for cell : 8 , with id  28"
Time difference of 4.666196 hours
[1] ""
[1] ""
[1] "Computation done for cell : 8 , with id  33"
Time difference of 4.521172 hours
[1] ""
[1] ""
[1] "Computation done for cell : 8 , with id  32"
Time difference of 4.549321 hours
[1] ""
[1] ""
[1] "Computation done for cell : 8 , with id  35"
Time difference of 3.053935 hours
[1] ""
[1] ""
[1] "Computation done for cell : 8 , with id  41"
Time difference of 2.963645 hours
[1] ""
[1] ""
[1] "Computation done for cell : 8 , with id  36"
Time difference of 3.189387 hours
[1] ""
[1] ""
[1] "Computation done for cell : 8 , with id  38"
Time difference of 3.297992 hours
[1] ""
[1] ""
[1] "Computation done for cell : 8 , with id  37"
Time difference of 3.516622 hours
[1] ""
[1] ""
[1] "Computation done for cell : 8 , with id  40"
Time difference of 3.469044 hours
[1] ""
[1] ""
[1] "Computation done for cell : 8 , with id  39"
Time difference of 3.510319 hours
[1] ""
[1] ""
[1] "Computation done for cell : 8 , with id  43"
Time difference of 3.337012 hours
[1] ""
[1] ""
[1] "Computation done for cell : 8 , with id  42"
Time difference of 3.499521 hours
[1] ""
[1] ""
[1] "Computation done for cell : 8 , with id  44"
Time difference of 4.235378 hours
[1] ""
[1] ""
[1] "Computation done for cell : 8 , with id  52"
Time difference of 3.158197 hours
[1] ""
[1] ""
[1] "Computation done for cell : 8 , with id  48"
Time difference of 4.123948 hours
[1] ""
[1] ""
[1] "Computation done for cell : 8 , with id  45"
Time difference of 4.428528 hours
[1] ""
[1] ""
[1] "Computation done for cell : 8 , with id  46"
Time difference of 4.452495 hours
[1] ""
[1] ""
[1] "Computation done for cell : 8 , with id  47"
Time difference of 4.453332 hours
[1] ""
[1] ""
[1] "Computation done for cell : 8 , with id  50"
Time difference of 4.385498 hours
[1] ""
[1] ""
[1] "Computation done for cell : 8 , with id  49"
Time difference of 4.572202 hours
[1] ""
[1] ""
[1] "Computation done for cell : 8 , with id  53"
Time difference of 3.199813 hours
[1] ""
[1] ""
[1] "Computation done for cell : 8 , with id  51"
Time difference of 4.700414 hours
[1] ""
[1] ""
[1] "Computation done for cell : 8 , with id  54"
Time difference of 3.241032 hours
[1] ""
[1] ""
[1] "Computation done for cell : 8 , with id  56"
Time difference of 2.991654 hours
[1] ""
[1] ""
[1] "Computation done for cell : 8 , with id  55"
Time difference of 3.226855 hours
[1] ""
[1] ""
[1] "Computation done for cell : 8 , with id  58"
Time difference of 3.091607 hours
[1] ""
[1] ""
[1] "Computation done for cell : 8 , with id  57"
Time difference of 3.135779 hours
[1] ""
[1] ""
[1] "Computation done for cell : 8 , with id  60"
Time difference of 3.014496 hours
[1] ""
[1] ""
[1] "Computation done for cell : 8 , with id  59"
Time difference of 3.134103 hours
[1] ""
[1] ""
[1] "Computation done for cell : 8 , with id  62"
Time difference of 2.762275 hours
[1] ""
[1] ""
[1] "Computation done for cell : 8 , with id  61"
Time difference of 3.434777 hours
[1] ""
[1] ""
[1] "ok 6"
[1] "ok 7"
[1] "Computation done for cell : 9 , with id  4"
Time difference of 2.916329 hours
[1] ""
[1] ""
[1] "Computation done for cell : 9 , with id  14"
Time difference of 2.918214 hours
[1] ""
[1] ""
[1] "Computation done for cell : 9 , with id  9"
Time difference of 2.987704 hours
[1] ""
[1] ""
[1] "Computation done for cell : 9 , with id  8"
Time difference of 3.00232 hours
[1] ""
[1] ""
[1] "Computation done for cell : 9 , with id  13"
Time difference of 3.027311 hours
[1] ""
[1] ""
[1] "Computation done for cell : 9 , with id  6"
Time difference of 3.037372 hours
[1] ""
[1] ""
[1] "Computation done for cell : 9 , with id  12"
Time difference of 3.04122 hours
[1] ""
[1] ""
[1] "Computation done for cell : 9 , with id  11"
Time difference of 3.149025 hours
[1] ""
[1] ""
[1] "Computation done for cell : 9 , with id  1"
Time difference of 4.695223 hours
[1] ""
[1] ""
[1] "Computation done for cell : 9 , with id  5"
Time difference of 4.751964 hours
[1] ""
[1] ""
[1] "Computation done for cell : 9 , with id  17"
Time difference of 4.759546 hours
[1] ""
[1] ""
[1] "Computation done for cell : 9 , with id  7"
Time difference of 4.832035 hours
[1] ""
[1] ""
[1] "Computation done for cell : 9 , with id  10"
Time difference of 4.870311 hours
[1] ""
[1] ""
[1] "Computation done for cell : 9 , with id  3"
Time difference of 4.930611 hours
[1] ""
[1] ""
[1] "Computation done for cell : 9 , with id  15"
Time difference of 4.943001 hours
[1] ""
[1] ""
[1] "Computation done for cell : 9 , with id  2"
Time difference of 4.974339 hours
[1] ""
[1] ""
[1] "Computation done for cell : 9 , with id  16"
Time difference of 4.997571 hours
[1] ""
[1] ""
[1] "Computation done for cell : 9 , with id  19"
Time difference of 3.346912 hours
[1] ""
[1] ""
[1] "Computation done for cell : 9 , with id  24"
Time difference of 3.251843 hours
[1] ""
[1] ""
[1] "Computation done for cell : 9 , with id  22"
Time difference of 3.293832 hours
[1] ""
[1] ""
[1] "Computation done for cell : 9 , with id  21"
Time difference of 3.402244 hours
[1] ""
[1] ""
[1] "Computation done for cell : 9 , with id  18"
Time difference of 3.491685 hours
[1] ""
[1] ""
[1] "Computation done for cell : 9 , with id  23"
Time difference of 3.374248 hours
[1] ""
[1] ""
[1] "Computation done for cell : 9 , with id  20"
Time difference of 3.495998 hours
[1] ""
[1] ""
[1] "Computation done for cell : 9 , with id  25"
Time difference of 3.361969 hours
[1] ""
[1] ""
[1] "Computation done for cell : 9 , with id  28"
Time difference of 3.185549 hours
[1] ""
[1] ""
[1] "Computation done for cell : 9 , with id  26"
Time difference of 3.483137 hours
[1] ""
[1] ""
[1] "Computation done for cell : 9 , with id  27"
Time difference of 3.470095 hours
[1] ""
[1] ""
[1] "Computation done for cell : 9 , with id  33"
Time difference of 3.434859 hours
[1] ""
[1] ""
[1] "Computation done for cell : 9 , with id  34"
Time difference of 3.4749 hours
[1] ""
[1] ""
[1] "Computation done for cell : 9 , with id  32"
Time difference of 3.558025 hours
[1] ""
[1] ""
[1] "Computation done for cell : 9 , with id  31"
Time difference of 3.653584 hours
[1] ""
[1] ""
[1] "Computation done for cell : 9 , with id  30"
Time difference of 3.79536 hours
[1] ""
[1] ""
[1] "Computation done for cell : 9 , with id  29"
Time difference of 3.84145 hours
[1] ""
[1] ""
[1] "Computation done for cell : 9 , with id  35"
Time difference of 3.421744 hours
[1] ""
[1] ""
[1] "Computation done for cell : 9 , with id  40"
Time difference of 3.292349 hours
[1] ""
[1] ""
[1] "Computation done for cell : 9 , with id  39"
Time difference of 3.33668 hours
[1] ""
[1] ""
[1] "Computation done for cell : 9 , with id  38"
Time difference of 3.365671 hours
[1] ""
[1] ""
[1] "Computation done for cell : 9 , with id  37"
Time difference of 3.456609 hours
[1] ""
[1] ""
[1] "Computation done for cell : 9 , with id  36"
Time difference of 3.63721 hours
[1] ""
[1] ""
[1] "Computation done for cell : 9 , with id  42"
Time difference of 3.423457 hours
[1] ""
[1] ""
[1] "Computation done for cell : 9 , with id  41"
Time difference of 3.585964 hours
[1] ""
[1] ""
[1] "Computation done for cell : 9 , with id  43"
Time difference of 4.183151 hours
[1] ""
[1] ""
[1] "Computation done for cell : 9 , with id  44"
Time difference of 4.335943 hours
[1] ""
[1] ""
[1] "Computation done for cell : 9 , with id  45"
Time difference of 4.34205 hours
[1] ""
[1] ""
[1] "Computation done for cell : 9 , with id  48"
Time difference of 4.223711 hours
[1] ""
[1] ""
[1] "Computation done for cell : 9 , with id  53"
Time difference of 3.114509 hours
[1] ""
[1] ""
[1] "Computation done for cell : 9 , with id  49"
Time difference of 4.270606 hours
[1] ""
[1] ""
[1] "Computation done for cell : 9 , with id  47"
Time difference of 4.389991 hours
[1] ""
[1] ""
[1] "Computation done for cell : 9 , with id  52"
Time difference of 3.180934 hours
[1] ""
[1] ""
[1] "Computation done for cell : 9 , with id  56"
Time difference of 3.112225 hours
[1] ""
[1] ""
[1] "Computation done for cell : 9 , with id  51"
Time difference of 4.232566 hours
[1] ""
[1] ""
[1] "Computation done for cell : 9 , with id  46"
Time difference of 4.526733 hours
[1] ""
[1] ""
[1] "Computation done for cell : 9 , with id  59"
Time difference of 2.91192 hours
[1] ""
[1] ""
[1] "Computation done for cell : 9 , with id  57"
Time difference of 3.070211 hours
[1] ""
[1] ""
[1] "Computation done for cell : 9 , with id  50"
Time difference of 4.386599 hours
[1] ""
[1] ""
[1] "Computation done for cell : 9 , with id  54"
Time difference of 3.33355 hours
[1] ""
[1] ""
[1] "Computation done for cell : 9 , with id  55"
Time difference of 3.333838 hours
[1] ""
[1] ""
[1] "Computation done for cell : 9 , with id  58"
Time difference of 3.18036 hours
[1] ""
[1] ""
[1] "Computation done for cell : 9 , with id  60"
Time difference of 2.911864 hours
[1] ""
[1] ""
[1] "Computation done for cell : 9 , with id  61"
Time difference of 2.7076 hours
[1] ""
[1] ""
[1] "Computation done for cell : 9 , with id  62"
Time difference of 2.760226 hours
[1] ""
[1] ""
[1] "ok 6"
[1] "ok 7"
> parallel::stopCluster(cl = my.cluster)
> 
> 
